<?xml version="1.0" encoding="UTF-8"?>
<testsuite xmlns:xsi="http://www.w3.org/2001/XMLSchema-instance" xsi:noNamespaceSchemaLocation="https://maven.apache.org/surefire/maven-surefire-plugin/xsd/surefire-test-report.xsd" name="com.github.jelmerk.knn.hnsw.HnswIndexTest" time="0.278" tests="22" errors="0" skipped="0" failures="0">
  <properties>
[...]
</properties>
  <testcase name="returnDistanceFunction" classname="com.github.jelmerk.knn.hnsw.HnswIndexTest" time="0.192"/>
  <testcase name="findNearest" classname="com.github.jelmerk.knn.hnsw.HnswIndexTest" time="0.008"/>
  <testcase name="returnsSize" classname="com.github.jelmerk.knn.hnsw.HnswIndexTest" time="0"/>
  <testcase name="saveAndLoadIndex" classname="com.github.jelmerk.knn.hnsw.HnswIndexTest" time="0.058"/>
  <testcase name="returnEfConstruction" classname="com.github.jelmerk.knn.hnsw.HnswIndexTest" time="0"/>
  <testcase name="removeWithOldVersionIgnored" classname="com.github.jelmerk.knn.hnsw.HnswIndexTest" time="0.001"/>
  <testcase name="removeUnknownItem" classname="com.github.jelmerk.knn.hnsw.HnswIndexTest" time="0"/>
  <testcase name="addAndGet" classname="com.github.jelmerk.knn.hnsw.HnswIndexTest" time="0"/>
  <testcase name="returnMaxItemCount" classname="com.github.jelmerk.knn.hnsw.HnswIndexTest" time="0.001"/>
  <testcase name="returnEf" classname="com.github.jelmerk.knn.hnsw.HnswIndexTest" time="0"/>
  <testcase name="addNewerItem" classname="com.github.jelmerk.knn.hnsw.HnswIndexTest" time="0"/>
  <testcase name="findNeighbors" classname="com.github.jelmerk.knn.hnsw.HnswIndexTest" time="0.001"/>
  <testcase name="returnDimensions" classname="com.github.jelmerk.knn.hnsw.HnswIndexTest" time="0.001"/>
  <testcase name="removeItem" classname="com.github.jelmerk.knn.hnsw.HnswIndexTest" time="0.001"/>
  <testcase name="returnM" classname="com.github.jelmerk.knn.hnsw.HnswIndexTest" time="0"/>
  <testcase name="addAndContains" classname="com.github.jelmerk.knn.hnsw.HnswIndexTest" time="0.001"/>
  <testcase name="changeEf" classname="com.github.jelmerk.knn.hnsw.HnswIndexTest" time="0"/>
  <testcase name="addAllCallsProgressListener" classname="com.github.jelmerk.knn.hnsw.HnswIndexTest" time="0.002"/>
  <testcase name="returnsItemIdSerializer" classname="com.github.jelmerk.knn.hnsw.HnswIndexTest" time="0"/>
  <testcase name="returnsItems" classname="com.github.jelmerk.knn.hnsw.HnswIndexTest" time="0"/>
  <testcase name="addOlderItem" classname="com.github.jelmerk.knn.hnsw.HnswIndexTest" time="0.001"/>
  <testcase name="returnsItemSerializer" classname="com.github.jelmerk.knn.hnsw.HnswIndexTest" time="0.001"/>
</testsuite>